[2025-10-11 05:38:59] [ERROR] PHP Error: Undefined variable $pdo in C:\xampp\htdocs\qr_attendance\public\api\dev_auth.php on line 31
[2025-10-11 05:38:59] [ERROR] Uncaught Exception: Call to a member function prepare() on null
[2025-10-11 05:39:05] [ERROR] PHP Error: Undefined variable $pdo in C:\xampp\htdocs\qr_attendance\public\api\admin_api.php on line 40
[2025-10-11 05:39:05] [ERROR] Uncaught Exception: Call to a member function prepare() on null
[2025-10-11 05:40:02] [ERROR] PHP Error: Undefined variable $pdo in C:\xampp\htdocs\qr_attendance\public\api\admin_api.php on line 40
[2025-10-11 05:40:02] [ERROR] Uncaught Exception: Call to a member function prepare() on null
[2025-10-11 05:40:12] [ERROR] PHP Error: Undefined variable $pdo in C:\xampp\htdocs\qr_attendance\public\api\admin_api.php on line 40
[2025-10-11 05:40:12] [ERROR] Uncaught Exception: Call to a member function prepare() on null
[2025-10-11 05:40:15] [ERROR] PHP Error: Undefined variable $pdo in C:\xampp\htdocs\qr_attendance\public\api\admin_api.php on line 40
[2025-10-11 05:40:15] [ERROR] Uncaught Exception: Call to a member function prepare() on null
[2025-10-11 05:40:15] [ERROR] PHP Error: Undefined variable $pdo in C:\xampp\htdocs\qr_attendance\public\api\admin_api.php on line 40
[2025-10-11 05:40:15] [ERROR] Uncaught Exception: Call to a member function prepare() on null
[2025-10-11 05:40:16] [ERROR] PHP Error: Undefined variable $pdo in C:\xampp\htdocs\qr_attendance\public\api\admin_api.php on line 40
[2025-10-11 05:40:16] [ERROR] Uncaught Exception: Call to a member function prepare() on null
[2025-10-11 05:40:19] [ERROR] PHP Error: Undefined variable $pdo in C:\xampp\htdocs\qr_attendance\public\api\admin_api.php on line 40
[2025-10-11 05:40:19] [ERROR] Uncaught Exception: Call to a member function prepare() on null
[2025-10-11 05:40:20] [ERROR] PHP Error: Undefined variable $pdo in C:\xampp\htdocs\qr_attendance\public\api\admin_api.php on line 40
[2025-10-11 05:40:20] [ERROR] Uncaught Exception: Call to a member function prepare() on null
[2025-10-11 05:40:20] [ERROR] PHP Error: Undefined variable $pdo in C:\xampp\htdocs\qr_attendance\public\api\admin_api.php on line 40
[2025-10-11 05:40:20] [ERROR] Uncaught Exception: Call to a member function prepare() on null
[2025-10-11 05:40:21] [ERROR] PHP Error: Undefined variable $pdo in C:\xampp\htdocs\qr_attendance\public\api\admin_api.php on line 40
[2025-10-11 05:40:21] [ERROR] Uncaught Exception: Call to a member function prepare() on null
[2025-10-11 05:40:47] [ERROR] PHP Error: Undefined variable $pdo in C:\xampp\htdocs\qr_attendance\public\api\dev_auth.php on line 31
[2025-10-11 05:40:47] [ERROR] Uncaught Exception: Call to a member function prepare() on null
[2025-10-11 05:52:11] [ERROR] Uncaught Exception: Call to undefined function imagecreate()
[2025-10-11 06:59:57] [ERROR] PHP Error: Undefined variable $pdo in C:\xampp\htdocs\qr_attendance\public\api\dev_auth.php on line 31
[2025-10-11 06:59:57] [ERROR] Uncaught Exception: Call to a member function prepare() on null
[2025-10-11 07:00:14] [ERROR] PHP Error: Undefined variable $pdo in C:\xampp\htdocs\qr_attendance\public\api\dev_auth.php on line 31
[2025-10-11 07:00:14] [ERROR] Uncaught Exception: Call to a member function prepare() on null
[2025-10-11 07:00:33] [ERROR] PHP Error: Undefined variable $pdo in C:\xampp\htdocs\qr_attendance\public\api\dev_auth.php on line 31
[2025-10-11 07:00:33] [ERROR] Uncaught Exception: Call to a member function prepare() on null
[2025-10-11 07:02:28] [ERROR] PHP Error: Undefined variable $pdo in C:\xampp\htdocs\qr_attendance\public\api\dev_auth.php on line 31
[2025-10-11 07:02:28] [ERROR] Uncaught Exception: Call to a member function prepare() on null
[2025-10-11 07:05:22] [ERROR] PHP Error: Undefined variable $pdo in C:\xampp\htdocs\qr_attendance\public\api\dev_auth.php on line 31
[2025-10-11 07:05:22] [ERROR] Uncaught Exception: Call to a member function prepare() on null
[2025-10-11 07:05:49] [ERROR] PHP Error: Undefined variable $pdo in C:\xampp\htdocs\qr_attendance\public\api\dev_auth.php on line 33
[2025-10-11 07:05:49] [ERROR] Uncaught Exception: Call to a member function prepare() on null
[2025-10-11 17:40:18] [ERROR] PHP Error: file_put_contents(../python/students.json): Failed to open stream: No such file or directory in C:\xampp\htdocs\qr_attendance\public\api\admin_api.php on line 472
[2025-10-11 17:49:36] [ERROR] PHP Error: file_put_contents(../python/update_student_immediate.py): Failed to open stream: No such file or directory in C:\xampp\htdocs\qr_attendance\public\api\admin_api.php on line 599
